<?xml version="1.0" encoding="UTF-8"?>
<!-- Generated by org.testng.reporters.JUnitReportReporter -->
<testsuite hostname="chouman" failures="0" tests="1" name="testCases.TC_001_AccountRegisterationTest" time="3.641" errors="0" timestamp="2023-04-01T13:43:07 EDT" skipped="0">
  <testcase classname="testCases.TC_001_AccountRegisterationTest" name="test_account_Registration" time="3.641"/>
  <system-out/>
</testsuite> <!-- testCases.TC_001_AccountRegisterationTest -->
